2024-11-26 05:33:55.190: [INFO][Sync] Reset engine, reason: 8
2024-11-26 05:33:55.190: [INFO][Sync] Stopped: Bookmarks
2024-11-26 05:33:55.190: [INFO][Sync] Stopped: Preferences
2024-11-26 05:33:55.190: [INFO][Sync] Stopped: Passwords
2024-11-26 05:33:55.190: [INFO][Sync] Stopped: Autofill Profiles
2024-11-26 05:33:55.190: [INFO][Sync] Stopped: Autofill
2024-11-26 05:33:55.190: [INFO][Sync] Stopped: Typed URLs
2024-11-26 05:33:55.190: [INFO][Sync] Stopped: Extensions
2024-11-26 05:33:55.190: [INFO][Sync] Stopped: Sessions
2024-11-26 05:33:55.190: [INFO][Sync] Stopped: Extension settings
2024-11-26 05:33:55.190: [INFO][Sync] Stopped: History Delete Directives
2024-11-26 05:33:55.190: [INFO][Sync] Stopped: Device Info
2024-11-26 05:33:55.190: [INFO][Sync] Stopped: User Consents
2024-11-26 05:33:55.190: [INFO][Sync] Stopped: Send Tab To Self
2024-11-26 05:33:55.190: [INFO][Sync] Stopped: Web Apps
2024-11-26 05:33:55.190: [INFO][Sync] Stopped: History
2024-11-26 05:33:55.190: [INFO][Sync] Stopped: Collection
2024-11-26 05:33:55.190: [INFO][Sync] Stopped: Edge E Drop
2024-11-26 05:33:55.190: [INFO][Sync] Stopped: Edge Hub App Usage
2024-11-26 05:33:55.190: [INFO][Sync] Stopped: Edge Tab Group
2024-11-26 05:33:55.190: [INFO][Sync] Stopped: Edge Wallet
2024-11-26 05:33:55.190: [INFO][Sync] SyncState after authenticated was: NotSignedIn
2024-11-26 05:33:55.921: [INFO][Sync] Reset engine, reason: 8
2024-11-26 05:33:55.921: [INFO][Sync] Stopped: Bookmarks
2024-11-26 05:33:55.922: [INFO][Sync] Stopped: Preferences
2024-11-26 05:33:55.922: [INFO][Sync] Stopped: Passwords
2024-11-26 05:33:55.922: [INFO][Sync] Stopped: Autofill Profiles
2024-11-26 05:33:55.922: [INFO][Sync] Stopped: Autofill
2024-11-26 05:33:55.922: [INFO][Sync] Stopped: Typed URLs
2024-11-26 05:33:55.922: [INFO][Sync] Stopped: Extensions
2024-11-26 05:33:55.922: [INFO][Sync] Stopped: Sessions
2024-11-26 05:33:55.922: [INFO][Sync] Stopped: Extension settings
2024-11-26 05:33:55.922: [INFO][Sync] Stopped: History Delete Directives
2024-11-26 05:33:55.922: [INFO][Sync] Stopped: Device Info
2024-11-26 05:33:55.922: [INFO][Sync] Stopped: User Consents
2024-11-26 05:33:55.922: [INFO][Sync] Stopped: Send Tab To Self
2024-11-26 05:33:55.922: [INFO][Sync] Stopped: Web Apps
2024-11-26 05:33:55.922: [INFO][Sync] Stopped: History
2024-11-26 05:33:55.922: [INFO][Sync] Stopped: Collection
2024-11-26 05:33:55.922: [INFO][Sync] Stopped: Edge E Drop
2024-11-26 05:33:55.922: [INFO][Sync] Stopped: Edge Hub App Usage
2024-11-26 05:33:55.922: [INFO][Sync] Stopped: Edge Tab Group
2024-11-26 05:33:55.922: [INFO][Sync] Stopped: Edge Wallet
2024-11-26 06:07:56.152: [INFO][Sync] Reset engine, reason: 0
2024-11-26 20:46:30.800: [INFO][Sync] SyncState after authenticated was: FeatureNotSetup
2024-11-26 22:06:00.606: [INFO][Sync] Reset engine, reason: 0
2024-11-26 23:01:39.825: [INFO][Sync] SyncState after authenticated was: FeatureNotSetup
2024-11-26 23:56:06.469: [INFO][Sync] SyncState after authenticated was: FeatureNotSetup
2024-11-27 00:47:28.798: [INFO][Sync] Reset engine, reason: 0
2024-11-27 01:11:25.804: [INFO][Sync] SyncState after authenticated was: FeatureNotSetup
2024-11-27 02:01:56.457: [INFO][Sync] Reset engine, reason: 0
